SF:lib/services/city_ticket_stats_service.dart
DA:2,1
DA:17,1
DA:23,2
DA:24,1
DA:26,1
DA:27,1
DA:28,2
DA:29,3
DA:33,1
DA:35,2
DA:36,1
DA:37,2
DA:41,1
DA:42,5
DA:43,2
DA:46,1
DA:49,1
DA:51,1
DA:53,1
LF:19
LH:19
end_of_record
SF:lib/models/ad_preferences.dart
DA:2,3
DA:14,1
DA:20,1
DA:21,0
DA:22,1
DA:23,1
DA:24,1
DA:28,3
DA:29,3
DA:30,3
DA:31,3
DA:32,3
DA:33,3
DA:37,3
DA:38,3
DA:39,3
DA:40,3
DA:41,3
DA:42,3
LF:19
LH:18
end_of_record
SF:lib/models/city_rule_pack.dart
DA:2,3
LF:1
LH:1
end_of_record
SF:lib/models/maintenance_report.dart
DA:13,2
DA:37,4
DA:38,2
DA:39,4
DA:40,2
DA:41,2
DA:42,2
DA:43,2
DA:44,2
DA:45,2
DA:46,2
DA:47,4
DA:50,2
DA:51,2
DA:52,2
DA:53,2
DA:54,2
DA:55,6
DA:56,0
DA:58,2
DA:59,2
DA:60,3
DA:61,3
DA:62,2
DA:63,2
DA:64,2
DA:65,4
DA:66,0
LF:28
LH:26
end_of_record
SF:lib/models/payment_receipt.dart
DA:2,2
DA:22,2
DA:23,2
DA:24,2
DA:25,2
DA:26,2
DA:27,2
DA:28,4
DA:29,2
DA:30,2
DA:31,2
DA:35,2
DA:36,2
DA:37,2
DA:38,4
DA:39,2
DA:40,2
DA:41,4
DA:42,0
DA:43,4
DA:44,2
DA:45,2
LF:22
LH:21
end_of_record
SF:lib/models/permit.dart
DA:14,1
DA:38,0
DA:49,0
DA:50,0
DA:51,0
DA:52,0
DA:53,0
DA:54,0
DA:55,0
DA:56,0
DA:57,0
DA:58,0
DA:59,0
DA:63,1
DA:64,1
DA:65,2
DA:66,2
DA:67,4
DA:70,1
DA:71,1
DA:72,1
DA:73,1
DA:74,4
DA:75,0
DA:77,1
DA:78,4
DA:79,0
DA:81,1
DA:82,2
DA:83,2
DA:84,1
DA:85,2
DA:86,1
DA:87,1
DA:88,1
DA:89,1
DA:93,2
DA:94,1
DA:95,2
DA:96,2
DA:97,1
DA:98,2
DA:99,2
DA:100,1
DA:101,1
DA:102,1
DA:103,1
LF:47
LH:33
end_of_record
SF:lib/models/reservation.dart
DA:4,1
DA:30,4
DA:32,1
DA:33,3
DA:34,4
DA:37,1
DA:47,1
DA:48,1
DA:49,1
DA:50,1
DA:51,0
DA:52,1
DA:53,1
DA:54,1
DA:55,1
DA:56,1
DA:57,1
DA:58,1
DA:62,1
DA:63,1
DA:64,1
DA:65,1
DA:66,1
DA:67,1
DA:68,4
DA:69,0
DA:71,2
DA:72,2
DA:73,2
DA:74,1
DA:75,1
DA:76,1
DA:77,2
DA:81,2
DA:82,1
DA:83,1
DA:84,1
DA:85,2
DA:86,2
DA:87,2
DA:88,1
DA:89,1
DA:90,1
DA:91,1
DA:92,1
LF:45
LH:43
end_of_record
SF:lib/models/sighting_report.dart
DA:4,2
DA:24,2
DA:25,2
DA:26,2
DA:27,4
DA:28,2
DA:29,2
DA:30,2
DA:31,2
DA:32,4
DA:33,2
DA:37,2
DA:38,2
DA:39,2
DA:40,2
DA:41,2
DA:42,6
DA:43,0
DA:45,2
DA:46,3
DA:47,3
DA:48,2
DA:49,4
DA:50,0
DA:51,2
LF:25
LH:23
end_of_record
SF:lib/models/street_sweeping.dart
DA:2,2
DA:28,2
DA:38,2
DA:39,2
DA:40,2
DA:41,2
DA:42,2
DA:43,2
DA:44,2
DA:45,1
DA:46,1
DA:47,2
DA:48,2
DA:49,2
DA:53,1
DA:54,1
DA:55,1
DA:56,1
DA:57,1
DA:58,2
DA:59,1
DA:60,1
DA:61,1
DA:62,1
DA:63,1
DA:64,2
DA:65,1
DA:66,1
DA:67,1
DA:71,2
DA:72,1
DA:73,1
DA:74,1
DA:75,2
DA:76,1
DA:77,1
DA:78,1
DA:79,1
DA:80,1
DA:81,1
DA:82,1
LF:41
LH:41
end_of_record
SF:lib/models/subscription_plan.dart
DA:4,1
DA:20,1
DA:21,1
DA:22,1
DA:24,1
DA:26,1
LF:6
LH:6
end_of_record
SF:lib/models/ticket.dart
DA:4,4
DA:30,6
DA:32,1
DA:38,1
DA:39,1
DA:40,1
DA:41,1
DA:42,1
DA:43,1
DA:44,1
DA:45,1
DA:46,0
DA:47,0
DA:48,1
DA:49,0
DA:53,2
DA:54,2
DA:55,2
DA:56,2
DA:57,2
DA:58,2
DA:59,2
DA:60,4
DA:61,4
DA:62,4
DA:63,2
DA:64,2
DA:65,2
DA:69,2
DA:70,2
DA:71,2
DA:72,2
DA:73,2
DA:74,4
DA:75,2
DA:76,2
DA:77,4
DA:78,0
DA:79,4
DA:80,0
DA:81,2
DA:82,6
DA:83,0
DA:85,4
DA:86,2
DA:87,2
LF:46
LH:40
end_of_record
SF:lib/models/user_preferences.dart
DA:2,3
DA:18,2
DA:26,1
DA:34,1
DA:35,0
DA:36,1
DA:38,1
DA:39,1
DA:40,0
DA:41,0
DA:45,3
DA:46,3
DA:47,3
DA:48,3
DA:49,3
DA:50,3
DA:51,3
DA:52,3
DA:56,6
DA:57,3
DA:58,3
DA:59,3
DA:60,3
DA:61,3
DA:62,3
LF:25
LH:22
end_of_record
SF:lib/models/vehicle.dart
DA:2,2
DA:18,0
DA:25,0
DA:26,0
DA:27,0
DA:28,0
DA:29,0
DA:30,0
DA:31,0
DA:35,1
DA:36,1
DA:37,1
DA:38,1
DA:39,1
DA:40,1
DA:41,1
DA:42,1
DA:46,4
DA:47,2
DA:48,2
DA:49,2
DA:50,2
DA:51,2
DA:52,2
LF:24
LH:16
end_of_record
SF:lib/models/garbage_schedule.dart
DA:2,2
DA:14,4
LF:2
LH:2
end_of_record
SF:lib/services/ticket_risk_prediction_service.dart
DA:10,1
DA:17,1
DA:31,1
DA:40,2
DA:41,2
DA:42,2
DA:43,2
DA:44,2
DA:45,2
DA:46,2
DA:48,1
DA:49,1
DA:50,1
DA:51,1
DA:52,1
DA:53,1
DA:55,1
DA:58,1
DA:59,1
DA:61,1
DA:63,1
DA:69,1
DA:71,2
DA:72,1
DA:73,2
DA:74,2
DA:78,1
DA:80,2
DA:86,1
DA:87,5
DA:88,2
LF:31
LH:31
end_of_record
SF:lib/services/weather_service.dart
DA:6,1
DA:18,1
DA:34,1
DA:38,1
DA:43,1
DA:44,3
DA:45,1
DA:46,2
DA:47,1
DA:48,2
DA:49,2
DA:51,3
DA:55,1
DA:56,3
DA:57,1
DA:58,2
DA:59,2
DA:60,2
DA:61,1
DA:62,1
DA:63,2
DA:64,2
DA:65,1
DA:66,1
DA:68,1
DA:71,1
DA:78,1
DA:82,1
DA:83,3
DA:84,1
DA:85,2
DA:86,1
DA:87,2
DA:88,2
DA:89,1
DA:90,5
DA:93,1
DA:94,1
DA:95,2
DA:96,1
DA:97,1
DA:98,1
DA:99,1
DA:101,1
DA:102,2
DA:103,2
DA:107,1
DA:108,2
DA:112,1
LF:49
LH:49
end_of_record
SF:lib/services/open_charge_map_service.dart
DA:13,1
DA:17,1
DA:23,2
DA:34,3
DA:39,2
DA:40,3
DA:43,2
DA:44,5
DA:47,1
DA:48,1
DA:49,1
DA:50,1
DA:51,2
DA:52,1
DA:54,1
DA:56,5
DA:57,1
DA:58,1
DA:61,4
DA:62,3
DA:64,2
DA:67,1
DA:68,2
DA:69,1
DA:70,1
DA:71,2
DA:72,2
DA:73,2
DA:74,2
DA:76,1
DA:77,1
DA:78,1
DA:84,1
DA:85,1
DA:86,1
DA:87,1
DA:88,1
DA:89,1
DA:90,1
DA:93,1
DA:95,1
DA:96,1
DA:97,1
DA:98,1
DA:99,6
DA:100,2
DA:103,1
DA:105,2
DA:107,3
LF:49
LH:49
end_of_record
SF:lib/models/ev_station.dart
DA:2,1
DA:32,3
DA:33,3
LF:3
LH:3
end_of_record
SF:lib/services/parking_prediction_service.dart
DA:14,1
DA:21,2
DA:22,2
DA:23,3
DA:24,1
DA:25,3
DA:28,2
DA:29,2
DA:30,2
DA:31,1
DA:32,2
DA:36,1
DA:44,6
DA:45,2
DA:46,3
DA:47,3
DA:48,1
DA:49,1
DA:50,1
DA:57,1
DA:61,1
DA:63,2
DA:64,1
DA:65,1
DA:66,2
DA:70,1
DA:72,2
DA:78,1
DA:80,5
DA:81,2
DA:86,1
LF:31
LH:31
end_of_record
SF:lib/models/parking_prediction.dart
DA:2,1
DA:25,0
DA:26,0
DA:27,0
DA:28,0
DA:29,0
DA:30,0
DA:31,0
DA:32,0
DA:33,0
DA:34,0
DA:37,1
DA:38,1
DA:39,1
DA:40,1
DA:41,2
DA:42,2
DA:43,2
DA:44,1
DA:45,1
DA:46,1
DA:47,1
LF:22
LH:12
end_of_record
SF:lib/services/api_client.dart
DA:16,0
DA:21,0
DA:22,0
DA:23,0
DA:24,0
DA:25,0
DA:27,0
DA:28,0
LF:8
LH:0
end_of_record
SF:lib/services/prediction_api_service.dart
DA:7,1
DA:11,1
DA:18,2
DA:20,1
DA:28,4
DA:30,2
DA:31,1
DA:33,1
DA:34,2
DA:38,1
DA:47,1
DA:54,2
DA:56,1
DA:64,4
DA:66,2
DA:67,1
DA:69,0
DA:70,0
DA:74,0
LF:19
LH:16
end_of_record
SF:lib/models/parking_zone.dart
DA:2,2
DA:26,0
DA:27,0
DA:28,0
DA:29,0
DA:30,0
DA:31,0
DA:32,0
DA:33,0
DA:34,0
DA:35,0
DA:36,0
DA:37,0
LF:13
LH:1
end_of_record
SF:lib/providers/location_provider.dart
DA:12,1
DA:49,2
DA:50,0
DA:51,2
DA:52,2
DA:53,1
DA:54,2
DA:55,5
DA:59,2
DA:60,2
DA:61,2
DA:62,2
DA:63,2
DA:64,2
DA:65,0
DA:67,1
DA:68,6
DA:69,1
DA:70,6
DA:72,1
DA:74,2
DA:75,2
DA:77,1
DA:80,1
DA:81,3
DA:82,2
DA:83,1
DA:84,2
DA:86,0
DA:90,1
DA:91,1
DA:92,1
DA:93,2
DA:94,1
DA:96,1
DA:97,1
DA:100,1
DA:101,1
DA:102,1
DA:103,1
DA:104,1
DA:107,1
DA:108,1
DA:109,1
DA:110,3
DA:111,1
DA:115,1
DA:118,1
DA:119,3
DA:120,1
DA:123,0
DA:124,0
DA:125,0
DA:128,1
DA:135,2
DA:136,1
DA:137,3
DA:138,1
DA:146,1
DA:147,1
DA:150,1
DA:151,2
DA:152,1
DA:153,3
DA:154,1
DA:155,2
DA:156,2
DA:160,1
DA:161,1
DA:164,1
DA:165,1
DA:166,2
DA:167,4
DA:168,3
DA:170,1
DA:171,3
DA:172,1
DA:175,1
DA:176,1
DA:177,2
DA:178,5
DA:179,3
DA:181,4
DA:182,1
DA:183,3
DA:185,1
DA:187,1
DA:190,1
DA:191,1
DA:192,2
DA:193,2
DA:194,2
DA:195,1
DA:196,1
DA:198,1
DA:201,1
DA:202,1
DA:203,1
DA:204,1
DA:208,1
DA:220,1
DA:224,1
DA:233,1
DA:237,1
DA:252,1
DA:254,2
DA:255,1
LF:107
LH:101
end_of_record
SF:lib/services/location_service.dart
DA:8,0
DA:9,0
DA:11,0
DA:18,0
DA:19,0
DA:22,0
DA:23,0
DA:24,0
DA:26,0
DA:29,0
DA:32,1
DA:39,2
DA:40,2
DA:42,6
DA:43,3
DA:44,3
DA:45,3
DA:46,2
DA:47,5
DA:48,1
DA:51,1
DA:52,1
DA:53,1
DA:54,1
DA:60,1
DA:62,1
DA:66,1
DA:72,1
DA:74,1
DA:78,1
DA:84,1
DA:86,1
DA:93,1
DA:94,1
DA:101,3
DA:102,1
DA:104,4
DA:105,1
DA:108,1
DA:112,1
DA:113,1
DA:114,1
DA:115,1
DA:116,1
DA:118,3
DA:119,1
DA:120,2
DA:121,2
DA:122,1
DA:126,3
LF:50
LH:40
end_of_record
SF:lib/models/violation_record.dart
DA:2,1
LF:1
LH:1
end_of_record
SF:lib/services/ticket_api_service.dart
DA:8,1
DA:9,1
DA:10,2
DA:13,1
DA:14,1
LF:5
LH:5
end_of_record
SF:lib/data/sample_tickets.dart
DA:3,3
DA:4,1
DA:10,2
DA:11,2
DA:13,1
DA:19,2
DA:20,2
DA:22,1
DA:28,2
DA:29,2
DA:31,2
LF:11
LH:11
end_of_record
SF:lib/services/street_segment_service.dart
DA:6,1
DA:16,1
DA:17,4
DA:18,4
DA:19,3
DA:24,1
DA:28,0
DA:33,1
DA:37,5
DA:39,1
DA:48,3
DA:49,2
DA:50,2
DA:51,1
DA:52,1
DA:53,2
DA:54,2
DA:55,1
DA:56,2
DA:57,2
DA:58,1
LF:21
LH:20
end_of_record
SF:lib/services/bootstrap_diagnostics.dart
DA:5,1
DA:6,2
DA:13,3
DA:14,3
DA:15,0
DA:17,1
DA:18,3
DA:21,1
DA:27,1
DA:33,2
DA:34,1
DA:37,1
DA:43,2
DA:44,1
DA:46,1
DA:47,1
DA:49,2
DA:50,1
DA:51,0
DA:52,2
DA:53,1
DA:56,1
DA:58,2
DA:59,1
DA:60,2
DA:61,0
DA:62,2
DA:63,1
DA:68,1
DA:69,2
DA:70,1
DA:71,2
DA:72,5
DA:86,1
DA:98,0
DA:99,0
DA:100,0
LF:37
LH:31
end_of_record
SF:lib/services/alternate_side_parking_service.dart
DA:14,1
DA:28,1
DA:48,1
DA:62,1
DA:67,1
DA:69,4
DA:70,1
DA:71,1
DA:74,1
DA:75,5
DA:79,1
DA:80,2
DA:81,1
DA:82,2
DA:83,1
DA:84,1
DA:85,1
DA:86,1
DA:91,1
DA:102,1
DA:106,1
DA:107,1
DA:108,1
DA:111,1
DA:115,2
DA:116,2
DA:117,5
DA:118,1
DA:120,1
DA:121,1
DA:122,1
DA:127,1
DA:132,2
DA:133,1
DA:134,1
DA:135,1
DA:136,1
DA:137,2
DA:140,1
DA:141,1
DA:143,1
DA:147,0
DA:149,0
DA:151,0
DA:155,0
DA:156,0
DA:158,0
DA:166,1
DA:168,2
DA:169,4
DA:170,3
LF:51
LH:45
end_of_record
SF:lib/services/garbage_schedule_service.dart
DA:8,1
DA:12,0
DA:18,1
DA:20,3
DA:21,0
DA:22,0
DA:23,0
DA:28,1
DA:29,1
DA:32,3
DA:33,3
DA:38,1
DA:42,5
DA:45,3
DA:52,1
DA:53,2
DA:54,0
DA:56,2
DA:57,1
DA:58,1
DA:59,3
DA:62,1
DA:63,2
DA:64,5
DA:70,1
DA:71,2
DA:72,3
DA:74,2
DA:75,1
DA:76,1
DA:77,3
DA:80,1
DA:81,1
DA:82,1
DA:83,1
DA:84,1
DA:85,1
DA:86,1
DA:88,1
DA:89,1
DA:91,1
DA:93,3
DA:94,1
DA:95,1
DA:96,1
DA:97,1
DA:98,0
DA:100,1
DA:102,1
DA:103,1
DA:104,1
DA:105,1
DA:106,1
DA:107,1
DA:108,1
DA:110,1
DA:118,1
DA:119,1
DA:121,1
DA:123,1
DA:125,1
DA:127,1
DA:130,1
DA:132,4
DA:133,3
DA:139,1
DA:140,1
DA:141,1
DA:142,0
DA:143,0
DA:144,0
DA:145,0
DA:146,0
DA:147,0
LF:74
LH:62
end_of_record
SF:lib/data/local/local_database.g.dart
DA:11,2
DA:14,4
DA:16,2
DA:23,4
DA:25,2
DA:32,4
DA:34,2
DA:41,4
DA:43,2
DA:52,4
DA:54,2
DA:63,4
DA:65,2
DA:74,4
DA:76,2
DA:85,4
DA:87,2
DA:96,4
DA:98,2
DA:107,2
DA:108,2
DA:110,2
DA:117,4
DA:119,2
DA:126,4
DA:128,2
DA:138,4
DA:140,2
DA:150,4
DA:152,2
DA:161,4
DA:163,2
DA:173,4
DA:175,2
DA:180,2
DA:181,2
DA:182,2
DA:183,2
DA:184,2
DA:185,2
DA:186,2
DA:187,2
DA:188,2
DA:189,2
DA:190,2
DA:191,2
DA:192,2
DA:193,2
DA:194,2
DA:195,2
DA:196,2
DA:197,2
DA:199,2
DA:200,4
DA:201,2
DA:204,2
DA:209,2
DA:210,2
DA:211,2
DA:212,8
DA:214,0
DA:216,2
DA:217,2
DA:219,6
DA:222,0
DA:224,2
DA:225,2
DA:227,6
DA:230,0
DA:232,2
DA:233,2
DA:235,6
DA:238,2
DA:239,2
DA:241,6
DA:244,2
DA:245,2
DA:247,4
DA:248,2
DA:253,2
DA:254,2
DA:256,4
DA:257,2
DA:262,2
DA:263,2
DA:265,4
DA:266,2
DA:271,2
DA:272,2
DA:274,4
DA:275,2
DA:280,0
DA:282,2
DA:283,2
DA:285,4
DA:286,2
DA:291,0
DA:293,2
DA:294,2
DA:296,6
DA:299,0
DA:301,2
DA:302,2
DA:304,6
DA:307,2
DA:308,2
DA:310,6
DA:313,2
DA:314,2
DA:316,4
DA:317,2
DA:322,0
DA:324,2
DA:325,2
DA:327,4
DA:328,2
DA:333,2
DA:334,2
DA:336,6
DA:342,2
DA:343,2
DA:344,2
DA:346,0
DA:347,2
DA:348,6
DA:350,4
DA:352,6
DA:354,4
DA:356,6
DA:358,4
DA:360,6
DA:362,4
DA:364,6
DA:366,4
DA:368,6
DA:370,4
DA:372,6
DA:374,4
DA:376,6
DA:378,4
DA:380,6
DA:382,4
DA:384,6
DA:386,4
DA:388,6
DA:390,4
DA:392,6
DA:394,4
DA:396,6
DA:398,4
DA:400,6
DA:402,4
DA:404,6
DA:406,4
DA:408,6
DA:410,4
DA:415,2
DA:417,4
DA:438,2
DA:456,0
DA:458,0
DA:459,0
DA:460,0
DA:461,0
DA:462,0
DA:463,0
DA:465,0
DA:466,0
DA:468,0
DA:469,0
DA:471,0
DA:472,0
DA:474,0
DA:475,0
DA:477,0
DA:478,0
DA:479,0
DA:480,0
DA:481,0
DA:482,0
DA:483,0
DA:484,0
DA:485,0
DA:490,0
DA:491,0
DA:492,0
DA:493,0
DA:494,0
DA:495,0
DA:497,0
DA:498,0
DA:500,0
DA:501,0
DA:503,0
DA:504,0
DA:506,0
DA:507,0
DA:509,0
DA:510,0
DA:511,0
DA:512,0
DA:513,0
DA:514,0
DA:515,0
DA:516,0
DA:517,0
DA:519,0
DA:523,0
DA:527,0
DA:528,0
DA:529,0
DA:530,0
DA:531,0
DA:532,0
DA:533,0
DA:534,0
DA:535,0
DA:536,0
DA:537,0
DA:538,0
DA:539,0
DA:540,0
DA:541,0
DA:542,0
DA:543,0
DA:544,0
DA:547,0
DA:549,0
DA:550,0
DA:551,0
DA:552,0
DA:553,0
DA:554,0
DA:555,0
DA:556,0
DA:557,0
DA:558,0
DA:559,0
DA:560,0
DA:561,0
DA:562,0
DA:563,0
DA:564,0
DA:565,0
DA:566,0
DA:570,0
DA:587,0
DA:588,0
DA:589,0
DA:590,0
DA:591,0
DA:592,0
DA:593,0
DA:594,0
DA:595,0
DA:596,0
DA:597,0
DA:598,0
DA:599,0
DA:600,0
DA:601,0
DA:602,0
DA:603,0
DA:604,0
DA:605,0
DA:606,0
DA:607,0
DA:608,0
DA:609,0
DA:611,0
DA:612,0
DA:613,0
DA:614,0
DA:615,0
DA:616,0
DA:617,0
DA:618,0
DA:619,0
DA:620,0
DA:621,0
DA:622,0
DA:623,0
DA:624,0
DA:625,0
DA:626,0
DA:627,0
DA:628,0
DA:629,0
DA:630,0
DA:631,0
DA:632,0
DA:633,0
DA:634,0
DA:635,0
DA:636,0
DA:637,0
DA:638,0
DA:639,0
DA:640,0
DA:641,0
DA:642,0
DA:646,0
DA:648,0
DA:649,0
DA:650,0
DA:651,0
DA:652,0
DA:653,0
DA:654,0
DA:655,0
DA:656,0
DA:657,0
DA:658,0
DA:659,0
DA:660,0
DA:661,0
DA:662,0
DA:663,0
DA:664,0
DA:665,0
DA:666,0
DA:669,0
DA:670,0
DA:671,0
DA:672,0
DA:673,0
DA:674,0
DA:675,0
DA:676,0
DA:677,0
DA:678,0
DA:679,0
DA:680,0
DA:681,0
DA:682,0
DA:683,0
DA:684,0
DA:685,0
DA:686,0
DA:688,0
DA:691,0
DA:692,0
DA:693,0
DA:694,0
DA:695,0
DA:696,0
DA:697,0
DA:698,0
DA:699,0
DA:700,0
DA:701,0
DA:702,0
DA:703,0
DA:704,0
DA:705,0
DA:706,0
DA:707,0
DA:728,0
DA:747,2
DA:765,2
DA:766,2
DA:767,2
DA:768,2
DA:769,2
DA:770,2
DA:771,2
DA:772,0
DA:791,0
DA:792,0
DA:793,0
DA:794,0
DA:795,0
DA:796,0
DA:797,0
DA:798,0
DA:799,0
DA:800,0
DA:801,0
DA:802,0
DA:803,0
DA:804,0
DA:805,0
DA:806,0
DA:807,0
DA:808,0
DA:812,0
DA:831,0
DA:832,0
DA:833,0
DA:834,0
DA:835,0
DA:836,0
DA:837,0
DA:838,0
DA:839,0
DA:840,0
DA:841,0
DA:842,0
DA:843,0
DA:844,0
DA:845,0
DA:846,0
DA:847,0
DA:848,0
DA:852,2
DA:854,2
DA:855,4
DA:856,8
DA:858,4
DA:859,8
DA:861,4
DA:862,8
DA:864,4
DA:865,8
DA:867,4
DA:868,8
DA:870,4
DA:871,8
DA:873,4
DA:874,8
DA:876,4
DA:877,8
DA:879,4
DA:880,8
DA:882,4
DA:883,8
DA:885,4
DA:886,8
DA:888,4
DA:889,8
DA:891,4
DA:892,8
DA:894,4
DA:895,8
DA:897,4
DA:898,8
DA:900,4
DA:901,8
DA:903,4
DA:904,0
DA:909,0
DA:911,0
DA:912,0
DA:913,0
DA:914,0
DA:915,0
DA:916,0
DA:917,0
DA:918,0
DA:919,0
DA:920,0
DA:921,0
DA:922,0
DA:923,0
DA:924,0
DA:925,0
DA:926,0
DA:927,0
DA:928,0
DA:929,0
DA:930,0
DA:939,2
DA:942,4
DA:944,2
DA:953,4
DA:955,2
DA:962,4
DA:964,2
DA:971,4
DA:973,2
DA:982,4
DA:984,2
DA:991,4
DA:993,2
DA:1002,4
DA:1004,2
DA:1009,2
DA:1010,2
DA:1011,2
DA:1012,2
DA:1013,2
DA:1014,2
DA:1015,2
DA:1016,2
DA:1017,2
DA:1019,2
DA:1020,4
DA:1021,2
DA:1024,1
DA:1029,1
DA:1030,1
DA:1031,1
DA:1032,4
DA:1034,0
DA:1036,1
DA:1037,1
DA:1039,3
DA:1042,0
DA:1044,1
DA:1045,1
DA:1047,3
DA:1050,0
DA:1052,1
DA:1053,1
DA:1055,3
DA:1058,0
DA:1060,1
DA:1061,1
DA:1063,2
DA:1064,1
DA:1069,0
DA:1071,1
DA:1072,1
DA:1074,3
DA:1077,0
DA:1079,1
DA:1080,1
DA:1082,3
DA:1085,0
DA:1090,2
DA:1091,2
DA:1092,1
DA:1094,0
DA:1095,1
DA:1096,3
DA:1098,2
DA:1100,3
DA:1102,2
DA:1104,3
DA:1106,2
DA:1108,3
DA:1110,2
DA:1112,3
DA:1114,2
DA:1116,3
DA:1118,2
DA:1120,3
DA:1122,2
DA:1127,1
DA:1129,2
DA:1141,1
DA:1150,0
DA:1152,0
DA:1153,0
DA:1154,0
DA:1155,0
DA:1156,0
DA:1157,0
DA:1158,0
DA:1159,0
DA:1163,0
DA:1164,0
DA:1165,0
DA:1166,0
DA:1167,0
DA:1168,0
DA:1169,0
DA:1170,0
DA:1171,0
DA:1175,0
DA:1179,0
DA:1180,0
DA:1181,0
DA:1182,0
DA:1183,0
DA:1184,0
DA:1185,0
DA:1186,0
DA:1187,0
DA:1190,0
DA:1192,0
DA:1193,0
DA:1194,0
DA:1195,0
DA:1196,0
DA:1197,0
DA:1198,0
DA:1199,0
DA:1200,0
DA:1204,0
DA:1212,0
DA:1213,0
DA:1214,0
DA:1215,0
DA:1216,0
DA:1217,0
DA:1218,0
DA:1219,0
DA:1221,0
DA:1222,0
DA:1223,0
DA:1224,0
DA:1225,0
DA:1226,0
DA:1227,0
DA:1228,0
DA:1229,0
DA:1230,0
DA:1231,0
DA:1235,0
DA:1237,0
DA:1238,0
DA:1239,0
DA:1240,0
DA:1241,0
DA:1242,0
DA:1243,0
DA:1244,0
DA:1245,0
DA:1246,0
DA:1249,0
DA:1251,0
DA:1252,0
DA:1255,0
DA:1256,0
DA:1257,0
DA:1258,0
DA:1259,0
DA:1260,0
DA:1261,0
DA:1262,0
DA:1274,0
DA:1284,1
DA:1293,1
DA:1294,1
DA:1295,1
DA:1296,1
DA:1297,1
DA:1298,1
DA:1299,1
DA:1300,0
DA:1310,0
DA:1311,0
DA:1312,0
DA:1313,0
DA:1314,0
DA:1315,0
DA:1316,0
DA:1317,0
DA:1318,0
DA:1322,0
DA:1332,0
DA:1333,0
DA:1334,0
DA:1335,0
DA:1336,0
DA:1337,0
DA:1338,0
DA:1339,0
DA:1340,0
DA:1344,1
DA:1346,1
DA:1347,2
DA:1348,4
DA:1350,2
DA:1351,4
DA:1353,2
DA:1354,4
DA:1356,2
DA:1357,4
DA:1359,2
DA:1360,4
DA:1362,2
DA:1363,4
DA:1365,2
DA:1366,4
DA:1368,2
DA:1369,0
DA:1374,0
DA:1376,0
DA:1377,0
DA:1378,0
DA:1379,0
DA:1380,0
DA:1381,0
DA:1382,0
DA:1383,0
DA:1384,0
DA:1385,0
DA:1386,0
DA:1395,2
DA:1398,4
DA:1400,2
DA:1407,4
DA:1409,2
DA:1418,4
DA:1420,2
DA:1429,4
DA:1431,2
DA:1435,0
DA:1441,4
DA:1443,2
DA:1447,0
DA:1449,2
DA:1450,2
DA:1451,2
DA:1452,2
DA:1453,2
DA:1454,2
DA:1455,2
DA:1457,2
DA:1458,4
DA:1459,2
DA:1462,2
DA:1467,2
DA:1468,2
DA:1469,2
DA:1470,8
DA:1472,0
DA:1474,2
DA:1475,2
DA:1477,6
DA:1480,0
DA:1482,2
DA:1483,2
DA:1485,6
DA:1488,0
DA:1490,2
DA:1491,2
DA:1493,6
DA:1496,2
DA:1497,2
DA:1499,6
DA:1505,2
DA:1506,2
DA:1507,2
DA:1509,0
DA:1510,2
DA:1511,6
DA:1513,4
DA:1515,6
DA:1517,4
DA:1519,6
DA:1521,4
DA:1523,6
DA:1525,4
DA:1527,6
DA:1529,4
DA:1534,2
DA:1536,4
DA:1547,2
DA:1554,0
DA:1556,0
DA:1557,0
DA:1558,0
DA:1559,0
DA:1560,0
DA:1561,0
DA:1565,0
DA:1566,0
DA:1567,0
DA:1568,0
DA:1569,0
DA:1570,0
DA:1571,0
DA:1575,0
DA:1579,0
DA:1580,0
DA:1581,0
DA:1582,0
DA:1583,0
DA:1584,0
DA:1585,0
DA:1588,0
DA:1590,0
DA:1591,0
DA:1592,0
DA:1593,0
DA:1594,0
DA:1595,0
DA:1596,0
DA:1600,0
DA:1606,0
DA:1607,0
DA:1608,0
DA:1609,0
DA:1610,0
DA:1611,0
DA:1613,0
DA:1614,0
DA:1615,0
DA:1616,0
DA:1617,0
DA:1618,0
DA:1619,0
DA:1623,0
DA:1625,0
DA:1626,0
DA:1627,0
DA:1628,0
DA:1629,0
DA:1630,0
DA:1631,0
DA:1632,0
DA:1635,0
DA:1636,0
DA:1637,0
DA:1640,0
DA:1641,0
DA:1642,0
DA:1643,0
DA:1644,0
DA:1645,0
DA:1655,0
DA:1663,2
DA:1670,2
DA:1671,2
DA:1672,2
DA:1673,0
DA:1681,0
DA:1682,0
DA:1683,0
DA:1684,0
DA:1685,0
DA:1686,0
DA:1687,0
DA:1691,0
DA:1699,0
DA:1700,0
DA:1701,0
DA:1702,0
DA:1703,0
DA:1704,0
DA:1705,0
DA:1709,2
DA:1711,2
DA:1712,4
DA:1713,8
DA:1715,4
DA:1716,8
DA:1718,4
DA:1719,8
DA:1721,4
DA:1722,8
DA:1724,4
DA:1725,8
DA:1727,4
DA:1728,0
DA:1733,0
DA:1735,0
DA:1736,0
DA:1737,0
DA:1738,0
DA:1739,0
DA:1740,0
DA:1741,0
DA:1742,0
DA:1743,0
DA:1748,4
DA:1749,0
DA:1750,4
DA:1751,4
DA:1752,2
DA:1753,2
DA:1754,0
DA:1756,0
DA:1757,2
DA:1758,2
DA:1759,2
DA:1760,2
DA:1761,2
DA:1808,0
DA:1815,0
DA:1816,0
DA:1817,0
DA:1820,0
DA:1821,0
DA:1822,0
DA:1825,0
DA:1826,0
DA:1827,0
DA:1830,0
DA:1831,0
DA:1832,0
DA:1835,0
DA:1836,0
DA:1837,0
DA:1840,0
DA:1841,0
DA:1842,0
DA:1845,0
DA:1846,0
DA:1847,0
DA:1850,0
DA:1851,0
DA:1852,0
DA:1855,0
DA:1856,0
DA:1857,0
DA:1860,0
DA:1861,0
DA:1862,0
DA:1865,0
DA:1866,0
DA:1867,0
DA:1870,0
DA:1871,0
DA:1872,0
DA:1875,0
DA:1876,0
DA:1877,0
DA:1880,0
DA:1881,0
DA:1882,0
DA:1885,0
DA:1886,0
DA:1887,0
DA:1890,0
DA:1891,0
DA:1892,0
DA:1898,0
DA:1905,0
DA:1906,0
DA:1907,0
DA:1910,0
DA:1911,0
DA:1912,0
DA:1915,0
DA:1916,0
DA:1917,0
DA:1920,0
DA:1921,0
DA:1922,0
DA:1925,0
DA:1926,0
DA:1927,0
DA:1930,0
DA:1931,0
DA:1932,0
DA:1935,0
DA:1936,0
DA:1937,0
DA:1940,0
DA:1941,0
DA:1942,0
DA:1945,0
DA:1946,0
DA:1947,0
DA:1950,0
DA:1951,0
DA:1952,0
DA:1955,0
DA:1956,0
DA:1957,0
DA:1960,0
DA:1961,0
DA:1962,0
DA:1965,0
DA:1966,0
DA:1967,0
DA:1970,0
DA:1971,0
DA:1972,0
DA:1975,0
DA:1976,0
DA:1977,0
DA:1980,0
DA:1981,0
DA:1982,0
DA:1988,0
DA:1995,0
DA:1996,0
DA:1998,0
DA:1999,0
DA:2001,0
DA:2002,0
DA:2004,0
DA:2005,0
DA:2007,0
DA:2008,0
DA:2010,0
DA:2011,0
DA:2012,0
DA:2015,0
DA:2016,0
DA:2017,0
DA:2020,0
DA:2021,0
DA:2022,0
DA:2025,0
DA:2026,0
DA:2027,0
DA:2030,0
DA:2031,0
DA:2032,0
DA:2035,0
DA:2036,0
DA:2038,0
DA:2039,0
DA:2041,0
DA:2042,0
DA:2044,0
DA:2045,0
DA:2046,0
DA:2049,0
DA:2050,0
DA:2051,0
DA:2054,0
DA:2055,0
DA:2080,0
DA:2083,0
DA:2084,0
DA:2087,0
DA:2088,0
DA:2089,0
DA:2090,0
DA:2091,0
DA:2092,0
DA:2094,0
DA:2112,0
DA:2132,0
DA:2150,0
DA:2169,0
DA:2170,0
DA:2171,0
DA:2219,0
DA:2226,0
DA:2227,0
DA:2228,0
DA:2231,0
DA:2232,0
DA:2233,0
DA:2236,0
DA:2237,0
DA:2238,0
DA:2241,0
DA:2242,0
DA:2243,0
DA:2246,0
DA:2247,0
DA:2248,0
DA:2251,0
DA:2252,0
DA:2253,0
DA:2256,0
DA:2257,0
DA:2258,0
DA:2264,0
DA:2271,0
DA:2272,0
DA:2273,0
DA:2276,0
DA:2277,0
DA:2278,0
DA:2281,0
DA:2282,0
DA:2283,0
DA:2286,0
DA:2287,0
DA:2288,0
DA:2291,0
DA:2292,0
DA:2293,0
DA:2296,0
DA:2297,0
DA:2298,0
DA:2301,0
DA:2302,0
DA:2303,0
DA:2309,0
DA:2316,0
DA:2317,0
DA:2319,0
DA:2320,0
DA:2322,0
DA:2323,0
DA:2325,0
DA:2326,0
DA:2328,0
DA:2329,0
DA:2330,0
DA:2333,0
DA:2334,0
DA:2336,0
DA:2337,0
DA:2358,0
DA:2359,0
DA:2360,0
DA:2363,0
DA:2364,0
DA:2365,0
DA:2366,0
DA:2367,0
DA:2368,0
DA:2370,0
DA:2379,0
DA:2390,0
DA:2399,0
DA:2409,0
DA:2410,0
DA:2411,0
DA:2452,0
DA:2459,0
DA:2460,0
DA:2461,0
DA:2464,0
DA:2465,0
DA:2466,0
DA:2469,0
DA:2470,0
DA:2471,0
DA:2474,0
DA:2475,0
DA:2476,0
DA:2479,0
DA:2480,0
DA:2481,0
DA:2487,0
DA:2494,0
DA:2495,0
DA:2496,0
DA:2499,0
DA:2500,0
DA:2501,0
DA:2504,0
DA:2505,0
DA:2506,0
DA:2509,0
DA:2510,0
DA:2511,0
DA:2514,0
DA:2515,0
DA:2516,0
DA:2522,0
DA:2529,0
DA:2530,0
DA:2532,0
DA:2533,0
DA:2535,0
DA:2536,0
DA:2538,0
DA:2539,0
DA:2541,0
DA:2542,0
DA:2567,0
DA:2570,0
DA:2571,0
DA:2574,0
DA:2575,0
DA:2576,0
DA:2577,0
DA:2578,0
DA:2579,0
DA:2584,0
DA:2591,0
DA:2600,0
DA:2607,0
DA:2615,0
DA:2616,0
DA:2617,0
DA:2647,0
DA:2648,0
DA:2649,0
DA:2650,0
DA:2651,0
DA:2652,0
DA:2653,0
LF:1157
LH:373
end_of_record
SF:lib/data/local/local_database.dart
DA:19,0
DA:20,0
DA:21,0
DA:22,0
DA:23,0
DA:24,0
DA:25,0
DA:26,0
DA:27,0
DA:28,0
DA:29,0
DA:30,0
DA:31,0
DA:32,0
DA:33,0
DA:34,0
DA:36,0
DA:37,0
DA:41,0
DA:42,0
DA:43,0
DA:44,0
DA:45,0
DA:46,0
DA:47,0
DA:49,0
DA:50,0
DA:54,0
DA:55,0
DA:56,0
DA:57,0
DA:58,0
DA:59,0
DA:60,0
DA:62,0
DA:63,0
DA:68,2
DA:69,2
DA:71,2
DA:72,4
DA:75,2
DA:78,2
DA:79,4
DA:80,14
DA:81,12
DA:82,2
DA:86,2
DA:87,4
DA:88,6
DA:89,2
DA:90,2
DA:91,2
DA:92,2
DA:93,4
DA:94,4
DA:95,4
DA:96,4
DA:97,4
DA:98,6
DA:99,6
DA:100,4
DA:101,4
DA:102,4
DA:103,4
DA:104,4
DA:105,4
DA:106,4
DA:107,4
DA:108,4
DA:109,4
DA:111,4
DA:112,4
DA:116,14
DA:117,2
DA:118,4
DA:119,2
DA:120,1
DA:121,1
DA:122,1
DA:123,1
DA:124,2
DA:125,1
DA:126,1
DA:127,1
DA:128,1
DA:129,1
DA:130,1
DA:131,1
DA:134,1
DA:141,2
DA:142,4
DA:143,8
DA:144,2
DA:145,2
DA:148,4
DA:149,8
DA:150,2
DA:153,6
DA:154,6
DA:155,4
DA:156,2
DA:157,2
DA:158,2
DA:159,2
DA:160,2
DA:162,2
DA:164,2
DA:167,2
DA:168,2
DA:169,2
DA:170,2
DA:171,2
DA:172,2
DA:173,2
DA:174,2
DA:175,2
DA:177,2
DA:178,2
DA:179,1
DA:180,1
DA:181,1
DA:182,1
DA:183,1
DA:184,1
DA:187,2
DA:190,2
DA:191,8
DA:192,0
DA:194,2
DA:195,2
DA:197,2
DA:201,2
DA:202,4
DA:204,2
DA:206,4
DA:207,6
DA:208,2
DA:212,4
DA:213,4
DA:218,2
DA:219,6
DA:222,2
DA:223,14
DA:227,0
DA:228,0
DA:229,0
DA:230,0
DA:231,0
DA:232,0
LF:149
LH:106
end_of_record
SF:lib/models/user_profile.dart
DA:11,2
DA:60,0
DA:80,0
DA:81,0
DA:82,0
DA:83,0
DA:84,0
DA:85,0
DA:86,0
DA:87,0
DA:88,0
DA:89,0
DA:90,0
DA:91,0
DA:92,0
DA:93,0
DA:94,0
DA:95,0
DA:96,0
DA:97,0
DA:98,0
DA:99,0
DA:103,1
DA:104,1
DA:105,1
DA:106,1
DA:107,1
DA:108,1
DA:109,1
DA:110,1
DA:111,1
DA:112,1
DA:113,1
DA:114,1
DA:115,1
DA:116,1
DA:118,1
DA:119,1
DA:120,1
DA:121,1
DA:122,1
DA:124,0
DA:125,1
DA:126,1
DA:127,1
DA:130,1
DA:131,4
DA:132,0
DA:134,1
DA:135,1
DA:136,1
DA:138,2
DA:141,2
DA:145,2
DA:149,2
DA:153,2
DA:157,2
DA:161,1
DA:163,1
DA:164,1
DA:166,1
DA:167,0
DA:168,0
DA:170,1
DA:172,1
DA:173,0
DA:177,1
DA:181,4
DA:182,2
DA:183,2
DA:184,2
DA:185,2
DA:186,2
DA:187,2
DA:188,2
DA:189,2
DA:190,8
DA:191,4
DA:192,4
DA:193,4
DA:194,2
DA:195,2
DA:196,2
DA:197,4
DA:198,4
DA:199,4
DA:200,4
DA:201,4
DA:202,4
DA:204,2
DA:205,6
DA:206,6
DA:207,2
DA:208,2
DA:209,2
LF:95
LH:69
end_of_record
SF:lib/services/ticket_lookup_service.dart
DA:8,1
DA:12,0
DA:18,1
DA:19,1
DA:22,3
DA:23,3
DA:28,1
DA:32,3
DA:33,2
DA:34,3
DA:35,2
DA:36,3
DA:38,2
DA:40,3
DA:41,1
DA:44,1
DA:51,3
DA:52,1
DA:53,1
DA:54,1
DA:55,1
DA:56,1
DA:58,2
DA:60,1
DA:61,1
DA:63,2
DA:64,0
DA:66,2
DA:67,1
DA:68,1
DA:69,1
DA:70,1
DA:71,1
DA:75,1
DA:76,1
DA:77,1
DA:78,1
DA:79,2
DA:80,1
DA:81,1
DA:82,2
DA:83,2
DA:84,2
DA:88,1
DA:89,1
DA:90,1
DA:92,0
DA:93,0
DA:100,1
DA:101,0
DA:102,1
DA:104,1
DA:106,1
DA:107,1
DA:109,0
DA:114,1
LF:56
LH:50
end_of_record
SF:lib/services/user_repository.dart
DA:14,1
DA:18,0
DA:19,0
DA:20,0
DA:26,4
DA:28,1
DA:29,2
DA:32,1
DA:33,1
DA:35,1
DA:37,2
DA:40,1
DA:41,1
DA:45,2
DA:49,2
DA:50,1
DA:51,2
DA:52,2
DA:62,1
DA:64,2
DA:67,3
DA:68,4
DA:71,2
DA:75,1
DA:76,1
DA:77,3
DA:79,2
DA:82,1
DA:86,2
DA:88,3
DA:89,6
DA:91,0
DA:95,1
DA:100,1
DA:101,2
DA:102,2
DA:105,1
DA:106,2
DA:107,2
DA:111,2
DA:112,3
DA:115,1
DA:118,2
DA:123,1
DA:124,1
DA:127,2
DA:130,2
DA:135,2
DA:138,2
DA:141,2
DA:146,1
DA:147,1
DA:150,2
DA:153,1
DA:154,1
DA:159,1
DA:160,1
DA:163,2
DA:166,1
DA:167,2
DA:168,2
DA:170,2
DA:171,2
DA:173,2
DA:174,3
DA:176,3
LF:66
LH:62
end_of_record
